\BOOKMARK [0][-]{chapter.1}{\376\377\000S\000u\000p\000p\000o\000r\000t\000\040\000P\000a\000c\000k\000a\000g\000e\000s}{}% 1
\BOOKMARK [0][-]{chapter.2}{\376\377\000T\000r\000a\000d\000i\000n\000g\000\040\000S\000y\000s\000t\000e\000m\000\040\000S\000t\000r\000u\000c\000t\000u\000r\000e}{}% 2
\BOOKMARK [1][-]{section.2.1}{\376\377\000A\000r\000g\000u\000m\000e\000n\000t\000s\000/\000P\000a\000r\000a\000m\000e\000t\000e\000r\000s}{chapter.2}% 3
\BOOKMARK [0][-]{chapter.3}{\376\377\000M\000a\000r\000k\000e\000t\000\040\000P\000o\000s\000i\000t\000i\000o\000n\000s\000\040\000\046\000\040\000T\000r\000a\000d\000i\000n\000g}{}% 4
\BOOKMARK [0][-]{chapter.4}{\376\377\000S\000e\000t\000t\000i\000n\000g\000s}{}% 5
\BOOKMARK [1][-]{section.4.1}{\376\377\000D\000e\000f\000a\000u\000l\000t\000\040\000S\000e\000t\000t\000i\000n\000g\000s}{chapter.4}% 6
\BOOKMARK [1][-]{section.4.2}{\376\377\000M\000a\000r\000k\000e\000t\000s}{chapter.4}% 7
\BOOKMARK [1][-]{section.4.3}{\376\377\000M\000a\000r\000k\000e\000t\000\040\000D\000a\000t\000a}{chapter.4}% 8
\BOOKMARK [1][-]{section.4.4}{\376\377\000L\000o\000a\000d\000i\000n\000g\000\040\000M\000a\000r\000k\000e\000t\000\040\000D\000a\000t\000a}{chapter.4}% 9
\BOOKMARK [1][-]{section.4.5}{\376\377\000R\000o\000l\000l\000\040\000O\000v\000e\000r\000s\000\040\000\050\000R\000\040\000\046\000\040\000R\000I\000N\000F\000O\000\051}{chapter.4}% 10
\BOOKMARK [1][-]{section.4.6}{\376\377\000W\000h\000y\000\040\000O\000n\000l\000y\000\040\000D\000a\000i\000l\000y\000\040\000D\000a\000t\000a}{chapter.4}% 11
\BOOKMARK [1][-]{section.4.7}{\376\377\000S\000a\000m\000p\000l\000e\000\040\000S\000i\000z\000e}{chapter.4}% 12
\BOOKMARK [1][-]{section.4.8}{\376\377\000B\000u\000d\000g\000e\000t}{chapter.4}% 13
\BOOKMARK [1][-]{section.4.9}{\376\377\000T\000r\000a\000d\000i\000n\000g\000\040\000C\000o\000s\000t\000s}{chapter.4}% 14
\BOOKMARK [2][-]{subsection.4.9.1}{\376\377\000S\000l\000i\000p\000p\000a\000g\000e}{section.4.9}% 15
\BOOKMARK [1][-]{section.4.10}{\376\377\000E\000x\000t\000e\000n\000s\000i\000b\000i\000l\000i\000t\000y\000\040\000a\000n\000d\000\040\000C\000u\000s\000t\000o\000m\000\040\000F\000i\000e\000l\000d\000s}{chapter.4}% 16
\BOOKMARK [0][-]{chapter.5}{\376\377\000E\000v\000a\000l\000u\000a\000t\000i\000n\000g\000\040\000Y\000o\000u\000r\000\040\000S\000y\000s\000t\000e\000m}{}% 17
\BOOKMARK [1][-]{section.5.1}{\376\377\000B\000a\000c\000k\000t\000e\000s\000t\000i\000n\000g}{chapter.5}% 18
\BOOKMARK [1][-]{section.5.2}{\376\377\000T\000r\000a\000d\000i\000n\000g\000\040\000R\000e\000s\000u\000l\000t\000s}{chapter.5}% 19
\BOOKMARK [0][-]{chapter.6}{\376\377\000S\000u\000b\000m\000i\000t\000t\000i\000n\000g\000\040\000a\000\040\000S\000y\000s\000t\000e\000m}{}% 20
\BOOKMARK [0][-]{chapter.7}{\376\377\000O\000p\000t\000i\000m\000i\000z\000a\000t\000i\000o\000n}{}% 21
\BOOKMARK [0][-]{chapter.8}{\376\377\000P\000e\000r\000f\000o\000r\000m\000a\000n\000c\000e}{}% 22
\BOOKMARK [1][-]{section.8.1}{\376\377\000O\000v\000e\000r\000f\000i\000t\000t\000i\000n\000g}{chapter.8}% 23
\BOOKMARK [0][-]{chapter.9}{\376\377\000R\000e\000f\000e\000r\000e\000n\000c\000e}{}% 24
\BOOKMARK [1][-]{section.9.1}{\376\377\000c\000o\000m\000p\000u\000t\000e\000F\000e\000e\000s}{chapter.9}% 25
\BOOKMARK [1][-]{section.9.2}{\376\377\000f\000i\000l\000l\000n\000a\000n\000s}{chapter.9}% 26
\BOOKMARK [1][-]{section.9.3}{\376\377\000f\000i\000l\000l\000w\000i\000t\000h}{chapter.9}% 27
\BOOKMARK [1][-]{section.9.4}{\376\377\000l\000o\000a\000d\000D\000a\000t\000a}{chapter.9}% 28
\BOOKMARK [1][-]{section.9.5}{\376\377\000p\000l\000o\000t\000t\000s}{chapter.9}% 29
\BOOKMARK [1][-]{section.9.6}{\376\377\000r\000u\000n\000t\000s}{chapter.9}% 30
\BOOKMARK [1][-]{section.9.7}{\376\377\000s\000t\000a\000t\000s}{chapter.9}% 31
\BOOKMARK [1][-]{section.9.8}{\376\377\000s\000u\000b\000m\000i\000t}{chapter.9}% 32
\BOOKMARK [1][-]{section.9.9}{\376\377\000u\000p\000d\000a\000t\000e\000C\000h\000e\000c\000k}{chapter.9}% 33
\BOOKMARK [0][-]{chapter.10}{\376\377\000I\000n\000d\000i\000c\000e\000s\000\040\000a\000n\000d\000\040\000t\000a\000b\000l\000e\000s}{}% 34
